<?xml version="1.0" encoding="UTF-8"?>
<!-- Generated by org.testng.reporters.JUnitReportReporter -->
<testsuite hostname="DESKTOP-1RLTEAV" failures="0" tests="1" name="driverFactory.AppTest" time="50.520" errors="0" timestamp="2025-06-17T20:04:42 IST" skipped="0">
  <testcase classname="driverFactory.AppTest" name="startTest" time="50.520">
    <system-out>
      <![CDATA[No of rows are::8
Login Success   dashboard     http://webapp.qedgetech.com/dashboard.php
Incorrect user ID or password    dashboard     http://webapp.qedgetech.com/login.php
Incorrect user ID or password    dashboard     http://webapp.qedgetech.com/login.php
Login Success   dashboard     http://webapp.qedgetech.com/dashboard.php
Login Success   dashboard     http://webapp.qedgetech.com/dashboard.php
Incorrect user ID or password    dashboard     http://webapp.qedgetech.com/login.php
Incorrect user ID or password    dashboard     http://webapp.qedgetech.com/login.php
Login Success   dashboard     http://webapp.qedgetech.com/dashboard.php]]>
    </system-out>
  </testcase> <!-- startTest -->
  <system-out>
    <![CDATA[No of rows are::8
Login Success   dashboard     http://webapp.qedgetech.com/dashboard.php
Incorrect user ID or password    dashboard     http://webapp.qedgetech.com/login.php
Incorrect user ID or password    dashboard     http://webapp.qedgetech.com/login.php
Login Success   dashboard     http://webapp.qedgetech.com/dashboard.php
Login Success   dashboard     http://webapp.qedgetech.com/dashboard.php
Incorrect user ID or password    dashboard     http://webapp.qedgetech.com/login.php
Incorrect user ID or password    dashboard     http://webapp.qedgetech.com/login.php
Login Success   dashboard     http://webapp.qedgetech.com/dashboard.php]]>
  </system-out>
</testsuite> <!-- driverFactory.AppTest -->
